<?xml version="1.0" encoding="utf-8"?><testsuites name="pytest tests"><testsuite name="pytest" errors="0" failures="0" skipped="0" tests="7" time="1.960" timestamp="2026-09-09T02:52:04.474058+00:00" hostname="agent-env-4bc77460-5f74-4e9b-ba24-c4611a3651a3"><testcase classname="tests.test_notify" name="test_create_contacto_fast_response" time="0.324" /><testcase classname="tests.test_notify" name="test_mongo_notificado_flag_set" time="0.509" /><testcase classname="tests.test_notify" name="test_backend_log_shows_sent" time="0.002" /><testcase classname="tests.test_notify" name="test_get_contacto_returns_list_with_notified_docs" time="0.079" /><testcase classname="tests.test_notify" name="test_invalid_email_no_doc" time="0.076" /><testcase classname="tests.test_notify" name="test_short_mensaje_no_doc" time="0.073" /><testcase classname="tests.test_notify" name="test_contact_email_html_escapes_and_includes_fields" time="0.241" /></testsuite></testsuites>