<?xml version="1.0" encoding="utf-8"?><testsuites name="pytest tests"><testsuite name="pytest" errors="0" failures="0" skipped="0" tests="8" time="1.955" timestamp="2026-09-09T02:59:20.871656+00:00" hostname="agent-env-4bc77460-5f74-4e9b-ba24-c4611a3651a3"><testcase classname="tests.test_notify" name="test_create_contacto_fast_response" time="0.258" /><testcase classname="tests.test_notify" name="test_mongo_notificado_and_confirmacion_flags_set" time="0.503" /><testcase classname="tests.test_notify" name="test_backend_log_shows_sent" time="0.001" /><testcase classname="tests.test_notify" name="test_get_contacto_returns_list_with_notified_docs" time="0.106" /><testcase classname="tests.test_notify" name="test_client_email_html_includes_and_escapes" time="0.248" /><testcase classname="tests.test_notify" name="test_invalid_email_no_doc" time="0.071" /><testcase classname="tests.test_notify" name="test_short_mensaje_no_doc" time="0.073" /><testcase classname="tests.test_notify" name="test_contact_email_html_escapes_and_includes_fields" time="0.002" /></testsuite></testsuites>