<?xml version="1.0" encoding="utf-8"?><testsuites name="pytest tests"><testsuite name="pytest" errors="0" failures="0" skipped="0" tests="20" time="2.791" timestamp="2026-09-09T01:52:59.213695+00:00" hostname="agent-env-4bc77460-5f74-4e9b-ba24-c4611a3651a3"><testcase classname="tests.test_share_and_seo" name="test_share_blog_ok" time="0.210" /><testcase classname="tests.backend_test" name="test_root" time="0.173" /><testcase classname="tests.backend_test" name="test_create_contacto_valid" time="0.119" /><testcase classname="tests.test_share_and_seo" name="test_share_blog_escapes_html" time="0.081" /><testcase classname="tests.test_share_and_seo" name="test_share_blog_image_without_https_becomes_empty" time="0.080" /><testcase classname="tests.backend_test" name="test_create_contacto_invalid_email" time="0.153" /><testcase classname="tests.test_share_and_seo" name="test_share_blog_invalid_slug_uppercase" time="0.135" /><testcase classname="tests.backend_test" name="test_create_contacto_empty_nombre" time="0.128" /><testcase classname="tests.test_share_and_seo" name="test_share_blog_invalid_slug_dot" time="0.082" /><testcase classname="tests.backend_test" name="test_create_contacto_short_mensaje" time="0.078" /><testcase classname="tests.test_share_and_seo" name="test_share_blog_missing_title" time="0.068" /><testcase classname="tests.backend_test" name="test_list_contactos_desc" time="1.329" /><testcase classname="tests.test_share_and_seo" name="test_robots_txt" time="0.072" /><testcase classname="tests.test_share_and_seo" name="test_sitemap_xml" time="0.081" /><testcase classname="tests.backend_test" name="test_create_contacto_new_interes[Consultor\xeda empresarial]" time="0.079" /><testcase classname="tests.backend_test" name="test_create_contacto_new_interes[Terminales punto de venta]" time="0.079" /><testcase classname="tests.backend_test" name="test_create_contacto_new_interes[Plataforma de pagos]" time="0.074" /><testcase classname="tests.backend_test" name="test_create_contacto_new_interes[Tarjetas empresariales]" time="0.074" /><testcase classname="tests.backend_test" name="test_create_contacto_new_interes[N\xf3mina y dispersi\xf3n]" time="0.076" /><testcase classname="tests.backend_test" name="test_create_contacto_new_interes[Pagos internacionales]" time="0.082" /></testsuite></testsuites>