<?xml version="1.0" encoding="utf-8"?><testsuites name="pytest tests"><testsuite name="pytest" errors="0" failures="0" skipped="0" tests="6" time="2.323" timestamp="2026-09-05T04:30:14.592309+00:00" hostname="agent-env-4bc77460-5f74-4e9b-ba24-c4611a3651a3"><testcase classname="tests.backend_test" name="test_root" time="0.251" /><testcase classname="tests.backend_test" name="test_create_contacto_valid" time="0.051" /><testcase classname="tests.backend_test" name="test_create_contacto_invalid_email" time="0.048" /><testcase classname="tests.backend_test" name="test_create_contacto_empty_nombre" time="0.043" /><testcase classname="tests.backend_test" name="test_create_contacto_short_mensaje" time="0.043" /><testcase classname="tests.backend_test" name="test_list_contactos_desc" time="1.237" /></testsuite></testsuites>