<?xml version="1.0" encoding="utf-8"?><testsuites name="pytest tests"><testsuite name="pytest" errors="0" failures="0" skipped="0" tests="8" time="1.113" timestamp="2026-09-09T01:52:54.373082+00:00" hostname="agent-env-4bc77460-5f74-4e9b-ba24-c4611a3651a3"><testcase classname="tests.test_share_and_seo" name="test_share_blog_ok" time="0.246" /><testcase classname="tests.test_share_and_seo" name="test_share_blog_escapes_html" time="0.073" /><testcase classname="tests.test_share_and_seo" name="test_share_blog_image_without_https_becomes_empty" time="0.068" /><testcase classname="tests.test_share_and_seo" name="test_share_blog_invalid_slug_uppercase" time="0.068" /><testcase classname="tests.test_share_and_seo" name="test_share_blog_invalid_slug_dot" time="0.068" /><testcase classname="tests.test_share_and_seo" name="test_share_blog_missing_title" time="0.071" /><testcase classname="tests.test_share_and_seo" name="test_robots_txt" time="0.067" /><testcase classname="tests.test_share_and_seo" name="test_sitemap_xml" time="0.065" /></testsuite></testsuites>